

Microchip Technology PIC18 LITE Macro Assembler V1.44 build -154322312 
                                                                                               Wed Nov 18 21:14:43 2020

Microchip Technology Omniscient Code Generator v1.44 (Free mode) build 201709140600
     1                           	processor	18F4550
     2                           	fnconf	rparam,??,?,0
     3                           	opt	pw 120
     4                           	opt	lm
     5                           	psect	cinit,global,reloc=2,class=CODE,delta=1
     6                           	psect	cstackCOMRAM,global,class=COMRAM,space=1,delta=1,noexec
     7                           	psect	text0,global,reloc=2,class=CODE,delta=1
     8                           	psect	intsave_regs,global,class=BIGRAM,space=1,delta=1,noexec
     9                           	psect	rparam,global,class=COMRAM,space=1,delta=1,noexec
    10  0000                     
    11                           ; Version 1.44
    12                           ; Generated 14/09/2017 GMT
    13                           ; 
    14                           ; Copyright © 2017, Microchip Technology Inc. and its subsidiaries ("Microchip")
    15                           ; All rights reserved.
    16                           ; 
    17                           ; This software is developed by Microchip Technology Inc. and its subsidiaries ("Microch
      +                          ip").
    18                           ; 
    19                           ; Redistribution and use in source and binary forms, with or without modification, are
    20                           ; permitted provided that the following conditions are met:
    21                           ; 
    22                           ;     1. Redistributions of source code must retain the above copyright notice, this lis
      +                          t of
    23                           ;        conditions and the following disclaimer.
    24                           ; 
    25                           ;     2. Redistributions in binary form must reproduce the above copyright notice, this 
      +                          list
    26                           ;        of conditions and the following disclaimer in the documentation and/or other
    27                           ;        materials provided with the distribution.
    28                           ; 
    29                           ;     3. Microchip's name may not be used to endorse or promote products derived from th
      +                          is
    30                           ;        software without specific prior written permission.
    31                           ; 
    32                           ; THIS SOFTWARE IS PROVIDED BY MICROCHIP "AS IS" AND ANY EXPRESS OR IMPLIED WARRANTIES,
    33                           ; INCLUDING, BUT NOT LIMITED TO, THE IMPLIED WARRANTIES OF MERCHANTABILITY AND FITNESS F
      +                          OR
    34                           ; PURPOSE ARE DISCLAIMED.  IN NO EVENT SHALL MICROCHIP BE LIABLE FOR ANY DIRECT, INDIREC
      +                          T,
    35                           ; INCIDENTAL, SPECIAL, EXEMPLARY, OR CONSEQUENTIAL DAMAGES (INCLUDING BUT NOT LIMITED TO
    36                           ; PROCUREMENT OF SUBSTITUTE GOODS OR SERVICES; LOSS OF USE, DATA OR PROFITS; OR BUSINESS
    37                           ; INTERRUPTION) HOWSOEVER CAUSED AND ON ANY THEORY OF LIABILITY, WHETHER IN CONTRACT, ST
      +                          RICT
    38                           ; LIABILITY, OR TORT (INCLUDING NEGLIGENCE OR OTHERWISE) ARISING IN ANY WAY OUT OF THE U
      +                          SE OF
    39                           ; THIS SOFTWARE, EVEN IF ADVISED OF THE POSSIBILITY OF SUCH DAMAGE.
    40                           ; 
    41                           ; 
    42                           ; Code-generator required, PIC18F4550 Definitions
    43                           ; 
    44                           ; SFR Addresses
    45  0000                     _LATDbits	set	3980
    46  0000                     _PORTBbits	set	3969
    47  0000                     _TRISBbits	set	3987
    48  0000                     _TRISDbits	set	3989
    49  0000                     _OSCCON	set	4051
    50                           
    51                           ; #config settings
    52  0000                     
    53                           	psect	cinit
    54  007FBC                     __pcinit:
    55                           	opt stack 0
    56  007FBC                     start_initialization:
    57                           	opt stack 0
    58  007FBC                     __initialization:
    59                           	opt stack 0
    60  007FBC                     end_of_initialization:
    61                           	opt stack 0
    62  007FBC                     __end_of__initialization:
    63                           	opt stack 0
    64  007FBC  0100               	movlb	0
    65  007FBE  EFE1  F03F         	goto	_main	;jump to C main() function
    66                           
    67                           	psect	cstackCOMRAM
    68  000000                     __pcstackCOMRAM:
    69                           	opt stack 0
    70  000000                     
    71                           ; 2 bytes @ 0x0
    72 ;;
    73 ;;Main: autosize = 0, tempsize = 0, incstack = 0, save=0
    74 ;;
    75 ;; *************** function _main *****************
    76 ;; Defined at:
    77 ;;		line 24 in file "gpio_main.c"
    78 ;; Parameters:    Size  Location     Type
    79 ;;		None
    80 ;; Auto vars:     Size  Location     Type
    81 ;;		None
    82 ;; Return value:  Size  Location     Type
    83 ;;                  2   14[None  ] int 
    84 ;; Registers used:
    85 ;;		wreg, status,2
    86 ;; Tracked objects:
    87 ;;		On entry : 0/0
    88 ;;		On exit  : 0/0
    89 ;;		Unchanged: 0/0
    90 ;; Data sizes:     COMRAM   BANK0   BANK1   BANK2   BANK3   BANK4   BANK5   BANK6   BANK7
    91 ;;      Params:         0       0       0       0       0       0       0       0       0
    92 ;;      Locals:         0       0       0       0       0       0       0       0       0
    93 ;;      Temps:          0       0       0       0       0       0       0       0       0
    94 ;;      Totals:         0       0       0       0       0       0       0       0       0
    95 ;;Total ram usage:        0 bytes
    96 ;; This function calls:
    97 ;;		Nothing
    98 ;; This function is called by:
    99 ;;		Startup code after reset
   100 ;; This function uses a non-reentrant model
   101 ;;
   102                           
   103                           	psect	text0
   104  007FC2                     __ptext0:
   105                           	opt stack 0
   106  007FC2                     _main:
   107                           	opt stack 31
   108                           
   109                           ;gpio_main.c: 25: OSCCON=0x72;
   110                           
   111                           ;incstack = 0
   112  007FC2  0E72               	movlw	114
   113  007FC4  6ED3               	movwf	4051,c	;volatile
   114                           
   115                           ;gpio_main.c: 27: TRISDbits.TRISD7 = 0;
   116  007FC6  9E95               	bcf	3989,7,c	;volatile
   117                           
   118                           ;gpio_main.c: 28: TRISDbits.TRISD6 = 0;
   119  007FC8  9C95               	bcf	3989,6,c	;volatile
   120                           
   121                           ;gpio_main.c: 29: TRISDbits.TRISD5 = 0;
   122  007FCA  9A95               	bcf	3989,5,c	;volatile
   123                           
   124                           ;gpio_main.c: 30: TRISDbits.TRISD4 = 0;
   125  007FCC  9895               	bcf	3989,4,c	;volatile
   126                           
   127                           ;gpio_main.c: 32: TRISBbits.TRISB7 = 1;
   128  007FCE  8E93               	bsf	3987,7,c	;volatile
   129                           
   130                           ;gpio_main.c: 33: TRISBbits.TRISB6 = 1;
   131  007FD0  8C93               	bsf	3987,6,c	;volatile
   132                           
   133                           ;gpio_main.c: 34: TRISBbits.TRISB5 = 1;
   134  007FD2  8A93               	bsf	3987,5,c	;volatile
   135                           
   136                           ;gpio_main.c: 35: TRISBbits.TRISB4 = 1;
   137  007FD4  8893               	bsf	3987,4,c	;volatile
   138  007FD6                     
   139                           ;gpio_main.c: 37: if(!PORTBbits.RB4){LATDbits.LATD4=1;}else{LATDbits.LATD4=0;}
   140  007FD6  B881               	btfsc	3969,4,c	;volatile
   141  007FD8  D002               	goto	l16
   142  007FDA  888C               	bsf	3980,4,c	;volatile
   143  007FDC  D001               	goto	l17
   144  007FDE                     l16:
   145  007FDE  988C               	bcf	3980,4,c	;volatile
   146  007FE0                     l17:
   147                           
   148                           ;gpio_main.c: 38: if(!PORTBbits.RB5){LATDbits.LATD5=1;}else{LATDbits.LATD5=0;}
   149  007FE0  BA81               	btfsc	3969,5,c	;volatile
   150  007FE2  D002               	goto	l18
   151  007FE4  8A8C               	bsf	3980,5,c	;volatile
   152  007FE6  D001               	goto	l19
   153  007FE8                     l18:
   154  007FE8  9A8C               	bcf	3980,5,c	;volatile
   155  007FEA                     l19:
   156                           
   157                           ;gpio_main.c: 39: if(!PORTBbits.RB6){LATDbits.LATD6=1;}else{LATDbits.LATD6=0;}
   158  007FEA  BC81               	btfsc	3969,6,c	;volatile
   159  007FEC  D002               	goto	l20
   160  007FEE  8C8C               	bsf	3980,6,c	;volatile
   161  007FF0  D001               	goto	l21
   162  007FF2                     l20:
   163  007FF2  9C8C               	bcf	3980,6,c	;volatile
   164  007FF4                     l21:
   165                           
   166                           ;gpio_main.c: 40: if(!PORTBbits.RB7){LATDbits.LATD7=1;}else{LATDbits.LATD7=0;}
   167  007FF4  BE81               	btfsc	3969,7,c	;volatile
   168  007FF6  D002               	goto	l22
   169  007FF8  8E8C               	bsf	3980,7,c	;volatile
   170  007FFA  D7ED               	goto	l15
   171  007FFC                     l22:
   172  007FFC  9E8C               	bcf	3980,7,c	;volatile
   173  007FFE  D7EB               	goto	l15
   174  008000                     __end_of_main:
   175                           	opt stack 0
   176  0000                     
   177                           	psect	rparam


Data Sizes:
    Strings     0
    Constant    0
    Data        0
    BSS         0
    Persistent  0
    Stack       0

Auto Spaces:
    Space          Size  Autos    Used
    COMRAM           95      0       0
    BANK0           160      0       0
    BANK1           256      0       0
    BANK2           256      0       0
    BANK3           256      0       0
    BANK4           256      0       0
    BANK5           256      0       0
    BANK6           256      0       0
    BANK7           256      0       0

Pointer List with Targets:

    None.

Critical Paths under _main in COMRAM

    None.

Critical Paths under _main in BANK0

    None.

Critical Paths under _main in BANK1

    None.

Critical Paths under _main in BANK2

    None.

Critical Paths under _main in BANK3

    None.

Critical Paths under _main in BANK4

    None.

Critical Paths under _main in BANK5

    None.

Critical Paths under _main in BANK6

    None.

Critical Paths under _main in BANK7

    None.

Call Graph Tables:

 ---------------------------------------------------------------------------------
 (Depth) Function   	        Calls       Base Space   Used Autos Params    Refs
 ---------------------------------------------------------------------------------
 (0) _main                                                 0     0      0       0
 ---------------------------------------------------------------------------------
 Estimated maximum stack depth 0
 ---------------------------------------------------------------------------------

 Call Graph Graphs:

 _main (ROOT)

 Address spaces:
Name               Size   Autos  Total    Cost      Usage
BITCOMRAM           5F      0       0       0        0.0%
EEDATA             100      0       0       0        0.0%
NULL                 0      0       0       0        0.0%
CODE                 0      0       0       0        0.0%
COMRAM              5F      0       0       1        0.0%
STACK                0      0       0       2        0.0%
DATA                 0      0       0       3        0.0%
BITBANK0            A0      0       0       4        0.0%
BANK0               A0      0       0       5        0.0%
BITBANK1           100      0       0       6        0.0%
BANK1              100      0       0       7        0.0%
BITBANK2           100      0       0       8        0.0%
BANK2              100      0       0       9        0.0%
BITBANK3           100      0       0      10        0.0%
BANK3              100      0       0      11        0.0%
BITBANK4           100      0       0      12        0.0%
BANK4              100      0       0      13        0.0%
BITBANK5           100      0       0      14        0.0%
BANK5              100      0       0      15        0.0%
BITBANK6           100      0       0      16        0.0%
BANK6              100      0       0      17        0.0%
BITBANK7           100      0       0      18        0.0%
BANK7              100      0       0      19        0.0%
ABS                  0      0       0      20        0.0%
BIGRAM             7FF      0       0      21        0.0%
BITSFR               0      0       0     200        0.0%
SFR                  0      0       0     200        0.0%


Microchip Technology PIC18 Macro Assembler V1.44 build -154322312 
Symbol Table                                                                                   Wed Nov 18 21:14:43 2020

                     l20 7FF2                       l21 7FF4                       l22 7FFC  
                     l15 7FD6                       l16 7FDE                       l17 7FE0  
                     l18 7FE8                       l19 7FEA              __CFG_BOR$ON 000000  
            __CFG_BORV$3 000000             __CFG_CP0$OFF 000000             __CFG_CP1$OFF 000000  
           __CFG_CP2$OFF 000000             __CFG_CP3$OFF 000000             __CFG_CPB$OFF 000000  
           __CFG_CPD$OFF 000000             __CFG_LVP$OFF 000000             __CFG_WDT$OFF 000000  
                   _main 7FC2                     start 0000            __CFG_IESO$OFF 000000  
          __CFG_MCLRE$ON 000000             ___param_bank 000000           __CFG_CCP2MX$ON 000000  
                  ?_main 0000            __CFG_PWRT$OFF 000000            __CFG_WRT0$OFF 000000  
          __CFG_WRT1$OFF 000000            __CFG_WRT2$OFF 000000            __CFG_WRT3$OFF 000000  
         __CFG_EBTR0$OFF 000000           __CFG_FCMEN$OFF 000000           __CFG_EBTR1$OFF 000000  
         __CFG_EBTR2$OFF 000000           __CFG_EBTR3$OFF 000000            __CFG_WRTB$OFF 000000  
          __CFG_WRTC$OFF 000000            __CFG_WRTD$OFF 000000           __CFG_EBTRB$OFF 000000  
         __CFG_ICPRT$OFF 000000          __initialization 7FBC             __end_of_main 8000  
                 ??_main 0000            __activetblptr 000000                   _OSCCON 000FD3  
         __CFG_XINST$OFF 000000           __CFG_STVREN$ON 000000               __accesstop 0060  
__end_of__initialization 7FBC          __CFG_PBADEN$OFF 000000            ___rparam_used 000001  
         __pcstackCOMRAM 0000          __CFG_VREGEN$OFF 000000                  __Hparam 0000  
                __Lparam 0000                  __pcinit 7FBC                  __ramtop 0800  
                __ptext0 7FC2     end_of_initialization 7FBC                _PORTBbits 000F81  
              _TRISBbits 000F93                _TRISDbits 000F95      start_initialization 7FBC  
       __CFG_LPT1OSC$OFF 000000                 _LATDbits 000F8C         __CFG_WDTPS$32768 000000  
               __Hrparam 0000                 __Lrparam 0000            __size_of_main 003E  
    __CFG_FOSC$INTOSC_EC 000000  
